  4-2.c
D:\OneDrive - 고려대학교\개인 공부\혼공C\4-2\4-2.c(30,9): warning C4477: 'printf' : 서식 문자열 '%d'에 'int' 형식의 인수가 필요하지만 variadic 인수 1의 형식이 'size_t'입니다.
D:\OneDrive - 고려대학교\개인 공부\혼공C\4-2\4-2.c(30,9): message : 서식 문자열에서 '%zd'을(를) 사용하는 것이 좋습니다.
D:\OneDrive - 고려대학교\개인 공부\혼공C\4-2\4-2.c(31,9): warning C4477: 'printf' : 서식 문자열 '%d'에 'int' 형식의 인수가 필요하지만 variadic 인수 1의 형식이 'size_t'입니다.
D:\OneDrive - 고려대학교\개인 공부\혼공C\4-2\4-2.c(31,9): message : 서식 문자열에서 '%zd'을(를) 사용하는 것이 좋습니다.
D:\OneDrive - 고려대학교\개인 공부\혼공C\4-2\4-2.c(32,9): warning C4477: 'printf' : 서식 문자열 '%d'에 'int' 형식의 인수가 필요하지만 variadic 인수 1의 형식이 'size_t'입니다.
D:\OneDrive - 고려대학교\개인 공부\혼공C\4-2\4-2.c(32,9): message : 서식 문자열에서 '%zd'을(를) 사용하는 것이 좋습니다.
D:\OneDrive - 고려대학교\개인 공부\혼공C\4-2\4-2.c(33,9): warning C4477: 'printf' : 서식 문자열 '%d'에 'int' 형식의 인수가 필요하지만 variadic 인수 1의 형식이 'size_t'입니다.
D:\OneDrive - 고려대학교\개인 공부\혼공C\4-2\4-2.c(33,9): message : 서식 문자열에서 '%zd'을(를) 사용하는 것이 좋습니다.
D:\OneDrive - 고려대학교\개인 공부\혼공C\4-2\4-2.c(34,9): warning C4477: 'printf' : 서식 문자열 '%d'에 'int' 형식의 인수가 필요하지만 variadic 인수 1의 형식이 'size_t'입니다.
D:\OneDrive - 고려대학교\개인 공부\혼공C\4-2\4-2.c(34,9): message : 서식 문자열에서 '%zd'을(를) 사용하는 것이 좋습니다.
D:\OneDrive - 고려대학교\개인 공부\혼공C\4-2\4-2.c(35,9): warning C4477: 'printf' : 서식 문자열 '%d'에 'int' 형식의 인수가 필요하지만 variadic 인수 1의 형식이 'size_t'입니다.
D:\OneDrive - 고려대학교\개인 공부\혼공C\4-2\4-2.c(35,9): message : 서식 문자열에서 '%zd'을(를) 사용하는 것이 좋습니다.
D:\OneDrive - 고려대학교\개인 공부\혼공C\4-2\4-2.c(36,9): warning C4477: 'printf' : 서식 문자열 '%d'에 'int' 형식의 인수가 필요하지만 variadic 인수 1의 형식이 'size_t'입니다.
D:\OneDrive - 고려대학교\개인 공부\혼공C\4-2\4-2.c(36,9): message : 서식 문자열에서 '%zd'을(를) 사용하는 것이 좋습니다.
D:\OneDrive - 고려대학교\개인 공부\혼공C\4-2\4-2.c(37,9): warning C4477: 'printf' : 서식 문자열 '% d'에 'int' 형식의 인수가 필요하지만 variadic 인수 1의 형식이 'size_t'입니다.
D:\OneDrive - 고려대학교\개인 공부\혼공C\4-2\4-2.c(37,9): message : 서식 문자열에서 '%zd'을(를) 사용하는 것이 좋습니다.
D:\OneDrive - 고려대학교\개인 공부\혼공C\4-2\4-2.c(38,9): warning C4477: 'printf' : 서식 문자열 '%d'에 'int' 형식의 인수가 필요하지만 variadic 인수 1의 형식이 'size_t'입니다.
D:\OneDrive - 고려대학교\개인 공부\혼공C\4-2\4-2.c(38,9): message : 서식 문자열에서 '%zd'을(를) 사용하는 것이 좋습니다.
D:\OneDrive - 고려대학교\개인 공부\혼공C\4-2\4-2.c(39,9): warning C4477: 'printf' : 서식 문자열 '%d'에 'int' 형식의 인수가 필요하지만 variadic 인수 1의 형식이 'size_t'입니다.
D:\OneDrive - 고려대학교\개인 공부\혼공C\4-2\4-2.c(39,9): message : 서식 문자열에서 '%zd'을(를) 사용하는 것이 좋습니다.
D:\OneDrive - 고려대학교\개인 공부\혼공C\4-2\4-2.c(44,9): warning C4477: 'printf' : 서식 문자열 '%d'에 'int' 형식의 인수가 필요하지만 variadic 인수 1의 형식이 'size_t'입니다.
D:\OneDrive - 고려대학교\개인 공부\혼공C\4-2\4-2.c(44,9): message : 서식 문자열에서 '%zd'을(를) 사용하는 것이 좋습니다.
  4-2.vcxproj -> D:\OneDrive - 고려대학교\개인 공부\혼공C\4-2\x64\Debug\4-2.exe
